build/app/intermediates/manifest_merge_blame_file/debug/manifest-merger-blame-debug-report.txt
1<?xml version="1.0" encoding="utf-8"?>
2<manifest xmlns:android="http://schemas.android.com/apk/res/android"
3    package="com.example.mobile_programming_group"
4    android:versionCode="1"
5    android:versionName="1.0.0" >
6
7    <uses-sdk
8        android:minSdkVersion="19"
9        android:targetSdkVersion="33" />
10    <!--
11         The INTERNET permission is required for development. Specifically,
12         the Flutter tool needs it to communicate with the running application
13         to allow setting breakpoints, to provide hot reload, etc.
14    -->
15    <uses-permission android:name="android.permission.INTERNET" />
15-->src\debug\AndroidManifest.xml:6:5-66
15-->src\debug\AndroidManifest.xml:6:22-64
16    <uses-permission android:name="android.permission.RECEIVE_BOOT_COMPLETED" />
16-->[:flutter_local_notifications] AndroidManifest.xml:9:5-81
16-->[:flutter_local_notifications] AndroidManifest.xml:9:22-78
17    <uses-permission android:name="android.permission.VIBRATE" />
17-->[:flutter_local_notifications] AndroidManifest.xml:10:5-66
17-->[:flutter_local_notifications] AndroidManifest.xml:10:22-63
18    <uses-permission android:name="android.permission.USE_FULL_SCREEN_INTENT" />
18-->[:flutter_local_notifications] AndroidManifest.xml:11:5-81
18-->[:flutter_local_notifications] AndroidManifest.xml:11:22-78
19    <uses-permission android:name="android.permission.SCHEDULE_EXACT_ALARM" />
19-->[:flutter_local_notifications] AndroidManifest.xml:12:5-79
19-->[:flutter_local_notifications] AndroidManifest.xml:12:22-76
20    <uses-permission android:name="android.permission.POST_NOTIFICATIONS" />
20-->[:flutter_local_notifications] AndroidManifest.xml:13:5-77
20-->[:flutter_local_notifications] AndroidManifest.xml:13:22-74
21
22    <permission
22-->[androidx.core:core:1.10.1] AndroidManifest.xml:22:5-24:47
23        android:name="com.example.mobile_programming_group.DYNAMIC_RECEIVER_NOT_EXPORTED_PERMISSION"
23-->[androidx.core:core:1.10.1] AndroidManifest.xml:23:9-81
24        android:protectionLevel="signature" />
24-->[androidx.core:core:1.10.1] AndroidManifest.xml:24:9-44
25
26    <uses-permission android:name="com.example.mobile_programming_group.DYNAMIC_RECEIVER_NOT_EXPORTED_PERMISSION" />
26-->[androidx.core:core:1.10.1] AndroidManifest.xml:26:5-97
26-->[androidx.core:core:1.10.1] AndroidManifest.xml:26:22-94
27
28    <application
29        android:name="android.app.Application"
30        android:appComponentFactory="androidx.core.app.CoreComponentFactory"
30-->[androidx.core:core:1.10.1] AndroidManifest.xml:28:18-86
31        android:debuggable="true"
32        android:icon="@mipmap/ic_launcher"
33        android:label="mobile_programming_group" >
34        <activity
35            android:name="com.example.mobile_programming_group.MainActivity"
36            android:configChanges="orientation|keyboardHidden|keyboard|screenSize|smallestScreenSize|locale|layoutDirection|fontScale|screenLayout|density|uiMode"
37            android:exported="true"
38            android:hardwareAccelerated="true"
39            android:launchMode="singleTop"
40            android:theme="@style/LaunchTheme"
41            android:windowSoftInputMode="adjustResize" >
42
43            <!--
44                 Specifies an Android theme to apply to this Activity as soon as
45                 the Android process has started. This theme is visible to the user
46                 while the Flutter UI initializes. After that, this theme continues
47                 to determine the Window background behind the Flutter UI.
48            -->
49            <meta-data
50                android:name="io.flutter.embedding.android.NormalTheme"
51                android:resource="@style/NormalTheme" />
52
53            <intent-filter>
54                <action android:name="android.intent.action.MAIN" />
55
56                <category android:name="android.intent.category.LAUNCHER" />
57            </intent-filter>
58        </activity>
59        <!--
60             Don't delete the meta-data below.
61             This is used by the Flutter tool to generate GeneratedPluginRegistrant.java
62        -->
63        <meta-data
64            android:name="flutterEmbedding"
65            android:value="2" />
66
67        <provider
67-->[:image_picker_android] AndroidManifest.xml:10:9-18:20
68            android:name="io.flutter.plugins.imagepicker.ImagePickerFileProvider"
68-->[:image_picker_android] AndroidManifest.xml:11:13-82
69            android:authorities="com.example.mobile_programming_group.flutter.image_provider"
69-->[:image_picker_android] AndroidManifest.xml:12:13-74
70            android:exported="false"
70-->[:image_picker_android] AndroidManifest.xml:13:13-37
71            android:grantUriPermissions="true" >
71-->[:image_picker_android] AndroidManifest.xml:14:13-47
72            <meta-data
72-->[:image_picker_android] AndroidManifest.xml:15:13-17:75
73                android:name="android.support.FILE_PROVIDER_PATHS"
73-->[:image_picker_android] AndroidManifest.xml:16:17-67
74                android:resource="@xml/flutter_image_picker_file_paths" />
74-->[:image_picker_android] AndroidManifest.xml:17:17-72
75        </provider>
76
77        <receiver
77-->[:flutter_local_notifications] AndroidManifest.xml:16:9-18:40
78            android:name="com.dexterous.flutterlocalnotifications.ActionBroadcastReceiver"
78-->[:flutter_local_notifications] AndroidManifest.xml:17:13-91
79            android:exported="false" />
79-->[:flutter_local_notifications] AndroidManifest.xml:18:13-37
80        <receiver
80-->[:flutter_local_notifications] AndroidManifest.xml:19:9-21:40
81            android:name="com.dexterous.flutterlocalnotifications.ScheduledNotificationReceiver"
81-->[:flutter_local_notifications] AndroidManifest.xml:20:13-97
82            android:exported="false" />
82-->[:flutter_local_notifications] AndroidManifest.xml:21:13-37
83        <receiver
83-->[:flutter_local_notifications] AndroidManifest.xml:22:9-31:20
84            android:name="com.dexterous.flutterlocalnotifications.ScheduledNotificationBootReceiver"
84-->[:flutter_local_notifications] AndroidManifest.xml:23:13-101
85            android:exported="false" >
85-->[:flutter_local_notifications] AndroidManifest.xml:24:13-37
86            <intent-filter>
86-->[:flutter_local_notifications] AndroidManifest.xml:25:13-30:29
87                <action android:name="android.intent.action.BOOT_COMPLETED" />
87-->[:flutter_local_notifications] AndroidManifest.xml:26:17-79
87-->[:flutter_local_notifications] AndroidManifest.xml:26:25-76
88                <action android:name="android.intent.action.MY_PACKAGE_REPLACED" />
88-->[:flutter_local_notifications] AndroidManifest.xml:27:17-84
88-->[:flutter_local_notifications] AndroidManifest.xml:27:25-81
89                <action android:name="android.intent.action.QUICKBOOT_POWERON" />
89-->[:flutter_local_notifications] AndroidManifest.xml:28:17-82
89-->[:flutter_local_notifications] AndroidManifest.xml:28:25-79
90                <action android:name="com.htc.intent.action.QUICKBOOT_POWERON" />
90-->[:flutter_local_notifications] AndroidManifest.xml:29:17-82
90-->[:flutter_local_notifications] AndroidManifest.xml:29:25-79
91            </intent-filter>
92        </receiver>
93
94        <uses-library
94-->[androidx.window:window:1.0.0-beta04] AndroidManifest.xml:25:9-27:40
95            android:name="androidx.window.extensions"
95-->[androidx.window:window:1.0.0-beta04] AndroidManifest.xml:26:13-54
96            android:required="false" />
96-->[androidx.window:window:1.0.0-beta04] AndroidManifest.xml:27:13-37
97        <uses-library
97-->[androidx.window:window:1.0.0-beta04] AndroidManifest.xml:28:9-30:40
98            android:name="androidx.window.sidecar"
98-->[androidx.window:window:1.0.0-beta04] AndroidManifest.xml:29:13-51
99            android:required="false" />
99-->[androidx.window:window:1.0.0-beta04] AndroidManifest.xml:30:13-37
100
101        <provider
101-->[androidx.profileinstaller:profileinstaller:1.3.0] AndroidManifest.xml:24:9-32:20
102            android:name="androidx.startup.InitializationProvider"
102-->[androidx.profileinstaller:profileinstaller:1.3.0] AndroidManifest.xml:25:13-67
103            android:authorities="com.example.mobile_programming_group.androidx-startup"
103-->[androidx.profileinstaller:profileinstaller:1.3.0] AndroidManifest.xml:26:13-68
104            android:exported="false" >
104-->[androidx.profileinstaller:profileinstaller:1.3.0] AndroidManifest.xml:27:13-37
105            <meta-data
105-->[androidx.profileinstaller:profileinstaller:1.3.0] AndroidManifest.xml:29:13-31:52
106                android:name="androidx.profileinstaller.ProfileInstallerInitializer"
106-->[androidx.profileinstaller:profileinstaller:1.3.0] AndroidManifest.xml:30:17-85
107                android:value="androidx.startup" />
107-->[androidx.profileinstaller:profileinstaller:1.3.0] AndroidManifest.xml:31:17-49
108        </provider>
109
110        <receiver
110-->[androidx.profileinstaller:profileinstaller:1.3.0] AndroidManifest.xml:34:9-52:20
111            android:name="androidx.profileinstaller.ProfileInstallReceiver"
111-->[androidx.profileinstaller:profileinstaller:1.3.0] AndroidManifest.xml:35:13-76
112            android:directBootAware="false"
112-->[androidx.profileinstaller:profileinstaller:1.3.0] AndroidManifest.xml:36:13-44
113            android:enabled="true"
113-->[androidx.profileinstaller:profileinstaller:1.3.0] AndroidManifest.xml:37:13-35
114            android:exported="true"
114-->[androidx.profileinstaller:profileinstaller:1.3.0] AndroidManifest.xml:38:13-36
115            android:permission="android.permission.DUMP" >
115-->[androidx.profileinstaller:profileinstaller:1.3.0] AndroidManifest.xml:39:13-57
116            <intent-filter>
116-->[androidx.profileinstaller:profileinstaller:1.3.0] AndroidManifest.xml:40:13-42:29
117                <action android:name="androidx.profileinstaller.action.INSTALL_PROFILE" />
117-->[androidx.profileinstaller:profileinstaller:1.3.0] AndroidManifest.xml:41:17-91
117-->[androidx.profileinstaller:profileinstaller:1.3.0] AndroidManifest.xml:41:25-88
118            </intent-filter>
119            <intent-filter>
119-->[androidx.profileinstaller:profileinstaller:1.3.0] AndroidManifest.xml:43:13-45:29
120                <action android:name="androidx.profileinstaller.action.SKIP_FILE" />
120-->[androidx.profileinstaller:profileinstaller:1.3.0] AndroidManifest.xml:44:17-85
120-->[androidx.profileinstaller:profileinstaller:1.3.0] AndroidManifest.xml:44:25-82
121            </intent-filter>
122            <intent-filter>
122-->[androidx.profileinstaller:profileinstaller:1.3.0] AndroidManifest.xml:46:13-48:29
123                <action android:name="androidx.profileinstaller.action.SAVE_PROFILE" />
123-->[androidx.profileinstaller:profileinstaller:1.3.0] AndroidManifest.xml:47:17-88
123-->[androidx.profileinstaller:profileinstaller:1.3.0] AndroidManifest.xml:47:25-85
124            </intent-filter>
125            <intent-filter>
125-->[androidx.profileinstaller:profileinstaller:1.3.0] AndroidManifest.xml:49:13-51:29
126                <action android:name="androidx.profileinstaller.action.BENCHMARK_OPERATION" />
126-->[androidx.profileinstaller:profileinstaller:1.3.0] AndroidManifest.xml:50:17-95
126-->[androidx.profileinstaller:profileinstaller:1.3.0] AndroidManifest.xml:50:25-92
127            </intent-filter>
128        </receiver>
129    </application>
130
131</manifest>